<?xml version="1.0" encoding="UTF-8"?>
<!-- Generated by org.testng.reporters.JUnitReportReporter -->
<testsuite hostname="DESKTOP-M1DRLA4" failures="0" tests="1" name="session03.Test_PatchMethod" time="3.229" errors="0" timestamp="2023-04-09T09:48:33 IST" skipped="0">
  <testcase classname="session03.Test_PatchMethod" name="test05" time="3.229"/>
  <system-out/>
</testsuite> <!-- session03.Test_PatchMethod -->
