<?xml version="1.0" encoding="UTF-8"?>
<!-- Generated by org.testng.reporters.JUnitReportReporter -->
<testsuite hostname="DESKTOP-M1DRLA4" failures="0" tests="1" name="session07.QueryParameterDemo" time="69.755" errors="0" timestamp="2023-05-22T23:04:23 IST" skipped="0">
  <testcase classname="session07.QueryParameterDemo" name="filterData" time="69.755"/>
  <system-out/>
</testsuite> <!-- session07.QueryParameterDemo -->
