<?xml version="1.0" encoding="UTF-8"?>
<!-- Generated by org.testng.reporters.JUnitReportReporter -->
<testsuite hostname="DESKTOP-M1DRLA4" failures="0" tests="1" name="session03.Test_PostMethod" time="3.705" errors="0" timestamp="2023-04-09T09:22:03 IST" skipped="0">
  <testcase classname="session03.Test_PostMethod" name="test03" time="3.705"/>
  <system-out/>
</testsuite> <!-- session03.Test_PostMethod -->
