<?xml version="1.0" encoding="UTF-8"?>
<!-- Generated by org.testng.reporters.JUnitReportReporter -->
<testsuite hostname="DESKTOP-M1DRLA4" failures="0" tests="1" name="session11.DemoOauth" time="3.895" errors="0" timestamp="2023-04-11T08:29:05 IST" skipped="0">
  <testcase classname="session11.DemoOauth" name="Oauth2demo" time="3.895"/>
  <system-out/>
</testsuite> <!-- session11.DemoOauth -->
