<?xml version="1.0" encoding="UTF-8"?>
<!-- Generated by org.testng.reporters.JUnitReportReporter -->
<testsuite hostname="DESKTOP-M1DRLA4" failures="0" tests="1" name="session03.Test_DeleteMethod" time="5.316" errors="0" timestamp="2023-04-11T19:34:51 IST" skipped="0">
  <testcase classname="session03.Test_DeleteMethod" name="test06" time="5.316"/>
  <system-out/>
</testsuite> <!-- session03.Test_DeleteMethod -->
