<?xml version="1.0" encoding="UTF-8"?>
<!-- Generated by org.testng.reporters.JUnitReportReporter -->
<testsuite hostname="DESKTOP-M1DRLA4" failures="0" tests="1" name="session09.AuthDemo" time="49.235" errors="0" timestamp="2023-05-22T23:04:38 IST" skipped="0">
  <testcase classname="session09.AuthDemo" name="bearertoken" time="49.235"/>
  <system-out/>
</testsuite> <!-- session09.AuthDemo -->
