<?xml version="1.0" encoding="UTF-8"?>
<!-- Generated by org.testng.reporters.JUnitReportReporter -->
<testsuite hostname="DESKTOP-M1DRLA4" failures="0" tests="1" name="A" time="3.100" errors="0" timestamp="2023-04-13T22:08:52 IST" skipped="0">
  <testcase classname="A" name="create" time="3.100"/>
  <system-out/>
</testsuite> <!-- A -->
