<?xml version="1.0" encoding="UTF-8"?>
<!-- Generated by org.testng.reporters.JUnitReportReporter -->
<testsuite hostname="DESKTOP-M1DRLA4" failures="0" tests="1" name="session06.ValidateJsonResponseBody" time="4.483" errors="0" timestamp="2023-04-10T10:30:27 IST" skipped="0">
  <testcase classname="session06.ValidateJsonResponseBody" name="userListResponseBody1" time="4.483"/>
  <system-out/>
</testsuite> <!-- session06.ValidateJsonResponseBody -->
