<?xml version="1.0" encoding="UTF-8"?>
<!-- Generated by org.testng.reporters.JUnitReportReporter -->
<testsuite hostname="DESKTOP-M1DRLA4" failures="0" tests="1" name="session03.Test_PutMethod" time="3.343" errors="0" timestamp="2023-04-09T09:45:51 IST" skipped="0">
  <testcase classname="session03.Test_PutMethod" name="test04" time="3.343"/>
  <system-out/>
</testsuite> <!-- session03.Test_PutMethod -->
