<?xml version="1.0" encoding="UTF-8"?>
<!-- Generated by org.testng.reporters.JUnitReportReporter -->
<testsuite hostname="DESKTOP-M1DRLA4" failures="0" tests="3" name="session04.CheckForValidResponse" time="91.936" errors="0" timestamp="2023-04-12T14:53:18 IST" skipped="0">
  <testcase classname="session04.CheckForValidResponse" name="getSingleUser" time="69.348"/>
  <system-out/>
  <testcase classname="session04.CheckForValidResponse" name="getSingleUserUsingvalidatableResponse" time="0.328"/>
  <system-out/>
  <testcase classname="session04.CheckForValidResponse" name="getSingleUser_BDDStyle" time="22.260"/>
  <system-out/>
</testsuite> <!-- session04.CheckForValidResponse -->
