<?xml version="1.0" encoding="UTF-8"?>
<!-- Generated by org.testng.reporters.JUnitReportReporter -->
<testsuite hostname="DESKTOP-M1DRLA4" failures="0" tests="1" name="session13.QueryRequestSpecification" time="1.012" errors="0" timestamp="2023-04-13T09:14:49 IST" skipped="0">
  <testcase classname="session13.QueryRequestSpecification" name="createUser" time="1.012"/>
  <system-out/>
</testsuite> <!-- session13.QueryRequestSpecification -->
