<?xml version="1.0" encoding="UTF-8"?>
<!-- Generated by org.testng.reporters.JUnitReportReporter -->
<testsuite hostname="DESKTOP-M1DRLA4" failures="0" tests="1" name="session18.FileUploadDemo" time="6.667" errors="0" timestamp="2023-04-13T10:25:59 IST" skipped="0">
  <testcase classname="session18.FileUploadDemo" name="uploadImage" time="6.667"/>
  <system-out/>
</testsuite> <!-- session18.FileUploadDemo -->
