<?xml version="1.0" encoding="UTF-8"?>
<!-- Generated by org.testng.reporters.JUnitReportReporter -->
<testsuite hostname="DESKTOP-M1DRLA4" failures="0" tests="1" name="session03.Test_GetMethod" time="5.071" errors="0" timestamp="2023-07-16T18:35:57 IST" skipped="0">
  <testcase classname="session03.Test_GetMethod" name="test01" time="5.071"/>
  <system-out/>
</testsuite> <!-- session03.Test_GetMethod -->
