<?xml version="1.0" encoding="UTF-8"?>
<!-- Generated by org.testng.reporters.JUnitReportReporter -->
<testsuite hostname="DESKTOP-M1DRLA4" failures="0" tests="1" name="session12.DeserilizationJSONDemo" time="4.800" errors="0" timestamp="2023-04-11T19:35:19 IST" skipped="0">
  <testcase classname="session12.DeserilizationJSONDemo" name="createUser" time="4.800"/>
  <system-out/>
</testsuite> <!-- session12.DeserilizationJSONDemo -->
