<?xml version="1.0" encoding="UTF-8"?>
<!-- Generated by org.testng.reporters.JUnitReportReporter -->
<testsuite hostname="DESKTOP-M1DRLA4" failures="0" tests="1" name="session05.ValidateReponseHeader" time="67.886" errors="0" timestamp="2023-05-22T23:03:15 IST" skipped="0">
  <testcase classname="session05.ValidateReponseHeader" name="getSingleUser" time="67.886"/>
  <system-out/>
</testsuite> <!-- session05.ValidateReponseHeader -->
