<?xml version="1.0" encoding="UTF-8"?>
<!-- Generated by org.testng.reporters.JUnitReportReporter -->
<testsuite hostname="DESKTOP-M1DRLA4" failures="0" tests="1" name="FirstGetRequest" time="3.297" errors="0" timestamp="2023-04-08T11:18:40 IST" skipped="0">
  <testcase classname="FirstGetRequest" name="testcase01" time="3.297"/>
  <system-out/>
</testsuite> <!-- FirstGetRequest -->
